0 info it worked if it ends with ok
1 verbose cli [ '/usr/local/bin/node', '/usr/local/bin/npm', 'publish' ]
2 info using npm@2.14.12
3 info using node@v4.2.5
4 verbose publish [ '.' ]
5 silly cache add args [ '.', null ]
6 verbose cache add spec .
7 silly cache add parsed spec Result {
7 silly cache add   raw: '.',
7 silly cache add   scope: null,
7 silly cache add   name: null,
7 silly cache add   rawSpec: '.',
7 silly cache add   spec: '/home/benjamin/Documentos/benjaminDevelop/nodejs/catlistener',
7 silly cache add   type: 'directory' }
8 verbose addLocalDirectory /home/benjamin/.npm/catlistener/0.0.1/package.tgz not in flight; packing
9 verbose tar pack [ '/home/benjamin/.npm/catlistener/0.0.1/package.tgz',
9 verbose tar pack   '/home/benjamin/Documentos/benjaminDevelop/nodejs/catlistener' ]
10 verbose tarball /home/benjamin/.npm/catlistener/0.0.1/package.tgz
11 verbose folder /home/benjamin/Documentos/benjaminDevelop/nodejs/catlistener
12 info prepublish catlistener@0.0.1
13 verbose addLocalTarball adding from inside cache /home/benjamin/.npm/catlistener/0.0.1/package.tgz
14 silly cache afterAdd catlistener@0.0.1
15 verbose afterAdd /home/benjamin/.npm/catlistener/0.0.1/package/package.json not in flight; writing
16 verbose afterAdd /home/benjamin/.npm/catlistener/0.0.1/package/package.json written
17 silly publish { name: 'catlistener',
17 silly publish   version: '0.0.1',
17 silly publish   description: '\'Un automatizador de tareas y con comandos de terminal para poder ejecutar npm o git sin dejar de ejecutar el servidor u otro servicio\'',
17 silly publish   main: 'lib/catlistener',
17 silly publish   scripts: { test: 'echo "Error: no test specified" && exit 1' },
17 silly publish   author: { name: 'Benjamin De la cruz Martinez' },
17 silly publish   license: 'ISC',
17 silly publish   dependencies:
17 silly publish    { babelify: '^7.2.0',
17 silly publish      browserify: '^12.0.2',
17 silly publish      watchify: '^3.6.1',
17 silly publish      stylus: '^0.53.0' },
17 silly publish   readme: '# Catlistener\n\n## Instalación\n\n### npm\n\n`npm install catlistener`\n\n## Uso\n\nLa forma facil de usar es la siguiente:\n```js\nvar cat = require(\'catlistener\');\n\ncat.server({\n  enviroment:{\n    ENV: dev\n  },\n  node: \'node\',\n  debug: \'-debug\',\n  app: \'server\'\n});\n\n```\n\n### Uso del servidor\n\nEn la seccion de enviroment colocamos las variables de entorno que utilizaremos para nuestro proyecto, enviroment siempre debe de ir primero.\n\nEn la seccion node podemos hacer uso de cualquier modulo para levantar nuestro servidor:\n\n####node\n\n####supervisor\n\n####babel-node\n\n\n### Uso de stylus\n```js\ncat.stylus({\n  options: [\'compila\',\'escucha\', \'observa\'],\n  css: \'./app/staticos/css/\',\n  stylus: \'./app/staticos/stylus/estilo.styl\'\n});\n```\nEn options colocamos las opciones que querramos que haga nuestro stylus.\n\nEn css colocamos la direccion donde se guardara nuestro css compilado.\n\nEn stylus colocamos la direccion de nuestro archivo styl.\n\n### Uso de broserify\n```js\ncat.broserify({\n  original: \'./app/staticos/js/script.js\',\n  compilado: \'./app/staticos/js/compilado.js\',\n  presets: true\n});\n```\nEn original colocamos la direccion de nuestro js original.\n\nEn compilado colocamos la direccion y el nombre de nuestros js compilado en ecmascript 6.\n\nEn presets podemos colocar si queremos que use ecmascript 6 compilado con babelify\n\nNOTA: Para que esta funcion de broserify funcione debes de descargar babel-preset-es2015\n\n\n## Comandos de terminal\n\nEl uso de los comandos es limitado, podemos hacer la mayoria de los comandos de git sin dejar de obtener respuesta de lo que ocurre en nuestro servidor y stylus, de igual forma podemos instalar modulos de npm sin detener el servidor.\n\n## Ejecucion\n\nPara poder hacer uso del modulo solo crea un archivo donde coloques todo lo anterior que desees e inicia asi:\n\n```\nnode archivoCreado\n```\n\nY asi de facil catlistener se estara ejecutando.\n',
17 silly publish   readmeFilename: 'README.md',
17 silly publish   gitHead: 'cbf60c8304cbee4ca43bb2e2bccf841284952580',
17 silly publish   _id: 'catlistener@0.0.1',
17 silly publish   _shasum: '4e15f4ad1f32d0abd3874823e82df16389c0b5bc',
17 silly publish   _from: '.' }
18 verbose getPublishConfig undefined
19 silly mapToRegistry name catlistener
20 silly mapToRegistry using default registry
21 silly mapToRegistry registry https://registry.npmjs.org/
22 silly mapToRegistry uri https://registry.npmjs.org/catlistener
23 verbose publish registryBase https://registry.npmjs.org/
24 silly publish uploading /home/benjamin/.npm/catlistener/0.0.1/package.tgz
25 verbose request uri https://registry.npmjs.org/catlistener
26 verbose request sending authorization for write operation
27 info attempt registry request try #1 at 03:12:22
28 verbose request using bearer token for auth
29 verbose request id caa062f8bb8a3cad
30 http request PUT https://registry.npmjs.org/catlistener
31 http 403 https://registry.npmjs.org/catlistener
32 verbose headers { 'content-type': 'application/json',
32 verbose headers   'cache-control': 'max-age=300',
32 verbose headers   'content-length': '95',
32 verbose headers   'accept-ranges': 'bytes',
32 verbose headers   date: 'Fri, 29 Jan 2016 09:12:23 GMT',
32 verbose headers   via: '1.1 varnish',
32 verbose headers   connection: 'keep-alive',
32 verbose headers   'x-served-by': 'cache-dfw1828-DFW',
32 verbose headers   'x-cache': 'MISS',
32 verbose headers   'x-cache-hits': '0',
32 verbose headers   'x-timer': 'S1454058742.741568,VS0,VE790' }
33 verbose request invalidating /home/benjamin/.npm/registry.npmjs.org/catlistener on PUT
34 error publish Failed PUT 403
35 verbose stack Error: "You cannot publish over the previously published version 0.0.1." : catlistener
35 verbose stack     at makeError (/usr/local/lib/node_modules/npm/node_modules/npm-registry-client/lib/request.js:264:12)
35 verbose stack     at CachingRegistryClient.<anonymous> (/usr/local/lib/node_modules/npm/node_modules/npm-registry-client/lib/request.js:252:14)
35 verbose stack     at Request._callback (/usr/local/lib/node_modules/npm/node_modules/npm-registry-client/lib/request.js:172:14)
35 verbose stack     at Request.self.callback (/usr/local/lib/node_modules/npm/node_modules/request/request.js:198:22)
35 verbose stack     at emitTwo (events.js:87:13)
35 verbose stack     at Request.emit (events.js:172:7)
35 verbose stack     at Request.<anonymous> (/usr/local/lib/node_modules/npm/node_modules/request/request.js:1082:10)
35 verbose stack     at emitOne (events.js:82:20)
35 verbose stack     at Request.emit (events.js:169:7)
35 verbose stack     at IncomingMessage.<anonymous> (/usr/local/lib/node_modules/npm/node_modules/request/request.js:1009:12)
36 verbose statusCode 403
37 verbose pkgid catlistener
38 verbose cwd /home/benjamin/Documentos/benjaminDevelop/nodejs/catlistener
39 error Linux 4.2.0-25-generic
40 error argv "/usr/local/bin/node" "/usr/local/bin/npm" "publish"
41 error node v4.2.5
42 error npm  v2.14.12
43 error code E403
44 error "You cannot publish over the previously published version 0.0.1." : catlistener
45 error If you need help, you may report this error at:
45 error     <https://github.com/npm/npm/issues>
46 verbose exit [ 1, true ]
